<?xml version="1.0" encoding="UTF-8"?>
<testng-results skipped="0" failed="1" ignored="3" total="6" passed="2">
  <reporter-output>
  </reporter-output>
  <suite name="Suite1" duration-ms="22860" started-at="2021-08-02T06:13:20Z" finished-at="2021-08-02T06:13:42Z">
    <groups>
      <group name="functest">
        <method signature="TC_001_ProductAPI.ProductAPI()[pri:0, instance:automationCII.TC_001_ProductAPI@4dfa3a9d]" name="ProductAPI" class="automationCII.TC_001_ProductAPI"/>
        <method signature="TC_002_ContentAPI.PublishedTest()[pri:0, instance:automationCII.TC_002_ContentAPI@6eebc39e]" name="PublishedTest" class="automationCII.TC_002_ContentAPI"/>
        <method signature="TC_003_TestAPI.LaunchIELTSi()[pri:0, instance:automationCII.TC_003_TestAPI@464bee09]" name="LaunchIELTSi" class="automationCII.TC_003_TestAPI"/>
      </group> <!-- functest -->
    </groups>
    <test name="GetElibilityGroup" duration-ms="22860" started-at="2021-08-02T06:13:20Z" finished-at="2021-08-02T06:13:42Z">
      <class name="automationCII.TC_002_ContentAPI">
        <test-method status="FAIL" signature="PublishedTest()[pri:0, instance:automationCII.TC_002_ContentAPI@6eebc39e]" name="PublishedTest" duration-ms="910" started-at="2021-08-02T06:13:29Z" finished-at="2021-08-02T06:13:30Z">
          <exception class="java.lang.AssertionError">
            <message>
              <![CDATA[expected [200] but found [503]]]>
            </message>
            <full-stacktrace>
              <![CDATA[java.lang.AssertionError: expected [200] but found [503]
at org.testng.Assert.fail(Assert.java:96)
at org.testng.Assert.failNotEquals(Assert.java:776)
at org.testng.Assert.assertEqualsImpl(Assert.java:137)
at org.testng.Assert.assertEquals(Assert.java:118)
at org.testng.Assert.assertEquals(Assert.java:652)
at org.testng.Assert.assertEquals(Assert.java:662)
at org.testng.asserts.Assertion$27.doAssert(Assertion.java:347)
at org.testng.asserts.Assertion.executeAssert(Assertion.java:30)
at org.testng.asserts.Assertion.doAssert(Assertion.java:15)
at org.testng.asserts.Assertion.assertEquals(Assertion.java:344)
at automationCII.TC_002_ContentAPI.PublishedTest(TC_002_ContentAPI.java:48)
at sun.reflect.NativeMethodAccessorImpl.invoke0(Native Method)
at sun.reflect.NativeMethodAccessorImpl.invoke(Unknown Source)
at sun.reflect.DelegatingMethodAccessorImpl.invoke(Unknown Source)
at java.lang.reflect.Method.invoke(Unknown Source)
at org.testng.internal.MethodInvocationHelper.invokeMethod(MethodInvocationHelper.java:124)
at org.testng.internal.Invoker.invokeMethod(Invoker.java:583)
at org.testng.internal.Invoker.invokeTestMethod(Invoker.java:719)
at org.testng.internal.Invoker.invokeTestMethods(Invoker.java:989)
at org.testng.internal.TestMethodWorker.invokeTestMethods(TestMethodWorker.java:125)
at org.testng.internal.TestMethodWorker.run(TestMethodWorker.java:109)
at org.testng.TestRunner.privateRun(TestRunner.java:648)
at org.testng.TestRunner.run(TestRunner.java:505)
at org.testng.SuiteRunner.runTest(SuiteRunner.java:455)
at org.testng.SuiteRunner.runSequentially(SuiteRunner.java:450)
at org.testng.SuiteRunner.privateRun(SuiteRunner.java:415)
at org.testng.SuiteRunner.run(SuiteRunner.java:364)
at org.testng.SuiteRunnerWorker.runSuite(SuiteRunnerWorker.java:52)
at org.testng.SuiteRunnerWorker.run(SuiteRunnerWorker.java:84)
at org.testng.TestNG.runSuitesSequentially(TestNG.java:1208)
at org.testng.TestNG.runSuitesLocally(TestNG.java:1137)
at org.testng.TestNG.runSuites(TestNG.java:1049)
at org.testng.TestNG.run(TestNG.java:1017)
at org.testng.remote.AbstractRemoteTestNG.run(AbstractRemoteTestNG.java:132)
at org.testng.remote.RemoteTestNG.initAndRun(RemoteTestNG.java:230)
at org.testng.remote.RemoteTestNG.main(RemoteTestNG.java:76)
]]>
            </full-stacktrace>
          </exception> <!-- java.lang.AssertionError -->
          <reporter-output>
          </reporter-output>
        </test-method> <!-- PublishedTest -->
      </class> <!-- automationCII.TC_002_ContentAPI -->
      <class name="automationCII.TC_001_ProductAPI">
        <test-method status="PASS" signature="ProductAPI()[pri:0, instance:automationCII.TC_001_ProductAPI@4dfa3a9d]" name="ProductAPI" duration-ms="9281" started-at="2021-08-02T06:13:20Z" finished-at="2021-08-02T06:13:29Z">
          <reporter-output>
          </reporter-output>
        </test-method> <!-- ProductAPI -->
      </class> <!-- automationCII.TC_001_ProductAPI -->
      <class name="automationCII.TC_003_TestAPI">
        <test-method status="PASS" signature="LaunchIELTSi()[pri:0, instance:automationCII.TC_003_TestAPI@464bee09]" name="LaunchIELTSi" duration-ms="12464" started-at="2021-08-02T06:13:30Z" finished-at="2021-08-02T06:13:42Z">
          <reporter-output>
          </reporter-output>
        </test-method> <!-- LaunchIELTSi -->
      </class> <!-- automationCII.TC_003_TestAPI -->
    </test> <!-- GetElibilityGroup -->
  </suite> <!-- Suite1 -->
</testng-results>
